<?xml version="1.0" encoding="UTF-8"?>
<!-- Generated by org.testng.reporters.JUnitReportReporter -->
<testsuite hostname="DESKTOP-M92B3EN" failures="0" tests="25" name="run.RunIniciTest" time="279.093" errors="0" timestamp="2022-12-18T23:14:32 CET" skipped="0">
  <testcase classname="run.RunIniciTest" name="runScenario" time="10.444"/>
  <system-out/>
  <testcase classname="run.RunIniciTest" name="runScenario" time="4.328"/>
  <system-out/>
  <testcase classname="run.RunIniciTest" name="runScenario" time="15.979"/>
  <system-out/>
  <testcase classname="run.RunIniciTest" name="runScenario" time="8.146"/>
  <system-out/>
  <testcase classname="run.RunIniciTest" name="runScenario" time="4.094"/>
  <system-out/>
  <testcase classname="run.RunIniciTest" name="runScenario" time="6.735"/>
  <system-out/>
  <testcase classname="run.RunIniciTest" name="runScenario" time="12.357"/>
  <system-out/>
  <testcase classname="run.RunIniciTest" name="runScenario" time="9.157"/>
  <system-out/>
  <testcase classname="run.RunIniciTest" name="runScenario" time="9.878"/>
  <system-out/>
  <testcase classname="run.RunIniciTest" name="runScenario" time="10.241"/>
  <system-out/>
  <testcase classname="run.RunIniciTest" name="runScenario" time="31.825"/>
  <system-out/>
  <testcase classname="run.RunIniciTest" name="runScenario" time="9.833"/>
  <system-out/>
  <testcase classname="run.RunIniciTest" name="runScenario" time="7.432"/>
  <system-out/>
  <testcase classname="run.RunIniciTest" name="runScenario" time="9.285"/>
  <system-out/>
  <testcase classname="run.RunIniciTest" name="runScenario" time="7.841"/>
  <system-out/>
  <testcase classname="run.RunIniciTest" name="runScenario" time="10.466"/>
  <system-out/>
  <testcase classname="run.RunIniciTest" name="runScenario" time="10.638"/>
  <system-out/>
  <testcase classname="run.RunIniciTest" name="runScenario" time="6.782"/>
  <system-out/>
  <testcase classname="run.RunIniciTest" name="runScenario" time="9.634"/>
  <system-out/>
  <testcase classname="run.RunIniciTest" name="runScenario" time="16.949"/>
  <system-out/>
  <testcase classname="run.RunIniciTest" name="runScenario" time="9.760"/>
  <system-out/>
  <testcase classname="run.RunIniciTest" name="runScenario" time="8.368"/>
  <system-out/>
  <testcase classname="run.RunIniciTest" name="runScenario" time="11.684"/>
  <system-out/>
  <testcase classname="run.RunIniciTest" name="runScenario" time="15.134"/>
  <system-out/>
  <testcase classname="run.RunIniciTest" name="runScenario" time="22.103"/>
  <system-out/>
</testsuite> <!-- run.RunIniciTest -->
