<?xml version="1.0" encoding="UTF-8"?>
<!-- Generated by org.testng.reporters.JUnitReportReporter -->
<testsuite hostname="DESKTOP-M92B3EN" failures="0" tests="3" name="run.RunIniciTest" time="47.333" errors="0" timestamp="2022-12-18T22:07:08 CET" skipped="0">
  <testcase classname="run.RunIniciTest" name="runScenario" time="25.529"/>
  <system-out/>
  <testcase classname="run.RunIniciTest" name="runScenario" time="11.576"/>
  <system-out/>
  <testcase classname="run.RunIniciTest" name="runScenario" time="10.228"/>
  <system-out/>
</testsuite> <!-- run.RunIniciTest -->
