<?xml version="1.0" encoding="UTF-8"?>
<!-- Generated by org.testng.reporters.JUnitReportReporter -->
<testsuite hostname="DESKTOP-M92B3EN" failures="0" tests="2" name="run.RunIniciTest" time="20.300" errors="0" timestamp="2022-12-15T22:47:54 CET" skipped="0">
  <testcase classname="run.RunIniciTest" name="runScenario" time="10.719"/>
  <system-out/>
  <testcase classname="run.RunIniciTest" name="runScenario" time="9.581"/>
  <system-out/>
</testsuite> <!-- run.RunIniciTest -->
