<?xml version="1.0" encoding="UTF-8"?>
<!-- Generated by org.testng.reporters.JUnitReportReporter -->
<testsuite hostname="DESKTOP-M92B3EN" failures="0" tests="31" name="run.RunIniciTest" time="370.173" errors="0" timestamp="2022-12-18T20:09:07 CET" skipped="0">
  <testcase classname="run.RunIniciTest" name="runScenario" time="20.704"/>
  <system-out/>
  <testcase classname="run.RunIniciTest" name="runScenario" time="14.774"/>
  <system-out/>
  <testcase classname="run.RunIniciTest" name="runScenario" time="10.500"/>
  <system-out/>
  <testcase classname="run.RunIniciTest" name="runScenario" time="8.470"/>
  <system-out/>
  <testcase classname="run.RunIniciTest" name="runScenario" time="12.006"/>
  <system-out/>
  <testcase classname="run.RunIniciTest" name="runScenario" time="5.453"/>
  <system-out/>
  <testcase classname="run.RunIniciTest" name="runScenario" time="9.135"/>
  <system-out/>
  <testcase classname="run.RunIniciTest" name="runScenario" time="31.686"/>
  <system-out/>
  <testcase classname="run.RunIniciTest" name="runScenario" time="8.865"/>
  <system-out/>
  <testcase classname="run.RunIniciTest" name="runScenario" time="8.831"/>
  <system-out/>
  <testcase classname="run.RunIniciTest" name="runScenario" time="10.482"/>
  <system-out/>
  <testcase classname="run.RunIniciTest" name="runScenario" time="4.798"/>
  <system-out/>
  <testcase classname="run.RunIniciTest" name="runScenario" time="14.434"/>
  <system-out/>
  <testcase classname="run.RunIniciTest" name="runScenario" time="16.114"/>
  <system-out/>
  <testcase classname="run.RunIniciTest" name="runScenario" time="5.039"/>
  <system-out/>
  <testcase classname="run.RunIniciTest" name="runScenario" time="14.248"/>
  <system-out/>
  <testcase classname="run.RunIniciTest" name="runScenario" time="15.040"/>
  <system-out/>
  <testcase classname="run.RunIniciTest" name="runScenario" time="10.137"/>
  <system-out/>
  <testcase classname="run.RunIniciTest" name="runScenario" time="4.267"/>
  <system-out/>
  <testcase classname="run.RunIniciTest" name="runScenario" time="18.963"/>
  <system-out/>
  <testcase classname="run.RunIniciTest" name="runScenario" time="11.902"/>
  <system-out/>
  <testcase classname="run.RunIniciTest" name="runScenario" time="8.451"/>
  <system-out/>
  <testcase classname="run.RunIniciTest" name="runScenario" time="8.867"/>
  <system-out/>
  <testcase classname="run.RunIniciTest" name="runScenario" time="13.371"/>
  <system-out/>
  <testcase classname="run.RunIniciTest" name="runScenario" time="9.146"/>
  <system-out/>
  <testcase classname="run.RunIniciTest" name="runScenario" time="12.609"/>
  <system-out/>
  <testcase classname="run.RunIniciTest" name="runScenario" time="6.773"/>
  <system-out/>
  <testcase classname="run.RunIniciTest" name="runScenario" time="9.333"/>
  <system-out/>
  <testcase classname="run.RunIniciTest" name="runScenario" time="27.757"/>
  <system-out/>
  <testcase classname="run.RunIniciTest" name="runScenario" time="9.236"/>
  <system-out/>
  <testcase classname="run.RunIniciTest" name="runScenario" time="8.782"/>
  <system-out/>
</testsuite> <!-- run.RunIniciTest -->
